<?xml version="1.0" encoding="UTF-8"?>
<!-- Generated by org.testng.reporters.JUnitReportReporter -->
<testsuite hostname="KhaledAbdessattar-01" failures="0" tests="1" name="testCases.Upload" time="0.609" errors="0" timestamp="2024-10-23T22:09:45 CET" skipped="0">
  <testcase classname="testCases.Upload" name="fileUploadTest" time="0.609"/>
  <system-out/>
</testsuite> <!-- testCases.Upload -->
